#
# A fatal error has been detected by the Java Runtime Environment:
#
#  EXCEPTION_ACCESS_VIOLATION (0xc0000005) at pc=0x00007ff96898dc72, pid=9148, tid=18912
#
# JRE version: Java(TM) SE Runtime Environment (18.0+36) (build 18+36-2087)
# Java VM: Java HotSpot(TM) 64-Bit Server VM (18+36-2087, mixed mode, sharing, tiered, compressed oops, compressed class ptrs, g1 gc, windows-amd64)
# Problematic frame:
# V  [jvm.dll+0x3adc72]
#
# No core dump will be written. Minidumps are not enabled by default on client versions of Windows
#
# If you would like to submit a bug report, please visit:
#   https://bugreport.java.com/bugreport/crash.jsp
#

---------------  S U M M A R Y ------------

Command Line: -Djava.awt.headless=true -javaagent:C:\Users\lucaf\AppData\Local\Temp\165641134090901779556682671530313593985747972851171.jar -Dclassworlds.conf=C:\apache-maven-3.8.5\bin\m2.conf -Dmaven.home=C:\apache-maven-3.8.5 -Dlibrary.jansi.path=C:\apache-maven-3.8.5\lib\jansi-native -Dmaven.multiModuleProjectDirectory=C:\Users\lucaf\OneDrive\Documenti\GitHub\avro org.pitest.mutationtest.execute.MutationTestMinion 59115

Host: Intel(R) Core(TM) i7-8565U CPU @ 1.80GHz, 8 cores, 7G,  Windows 10 , 64 bit Build 19041 (10.0.19041.1741)
Time: Tue Jun 28 12:43:21 2022 ora legale Europa occidentale elapsed time: 1.017818 seconds (0d 0h 0m 1s)

---------------  T H R E A D  ---------------

Current thread (0x00000254da288c20):  JavaThread "nioEventLoopGroup-3-1" [_thread_in_vm, id=18912, stack(0x000000d2de700000,0x000000d2de800000)]

Stack: [0x000000d2de700000,0x000000d2de800000],  sp=0x000000d2de7fe230,  free space=1016k
Native frames: (J=compiled Java code, j=interpreted, Vv=VM code, C=native code)
V  [jvm.dll+0x3adc72]
V  [jvm.dll+0x438343]
C  0x00000254be9dd621

Java frames: (J=compiled Java code, j=interpreted, Vv=VM code)
j  java.lang.Class.getGenericSignature0()Ljava/lang/String;+0 java.base@18
j  java.lang.Class.getGenericInfo()Lsun/reflect/generics/repository/ClassRepository;+10 java.base@18
j  java.lang.Class.getGenericSuperclass()Ljava/lang/reflect/Type;+1 java.base@18
j  io.netty.util.internal.TypeParameterMatcher.find0(Ljava/lang/Object;Ljava/lang/Class;Ljava/lang/String;)Ljava/lang/Class;+114
j  io.netty.util.internal.TypeParameterMatcher.find(Ljava/lang/Object;Ljava/lang/Class;Ljava/lang/String;)Lio/netty/util/internal/TypeParameterMatcher;+72
j  io.netty.channel.SimpleChannelInboundHandler.<init>(Z)V+10
j  io.netty.channel.SimpleChannelInboundHandler.<init>()V+2
j  org.apache.avro.ipc.netty.NettyServer$NettyServerAvroHandler.<init>(Lorg/apache/avro/ipc/netty/NettyServer;)V+6
j  org.apache.avro.ipc.netty.NettyServer$1.initChannel(Lio/netty/channel/socket/SocketChannel;)V+61
j  org.apache.avro.ipc.netty.NettyServer$1.initChannel(Lio/netty/channel/Channel;)V+5
j  io.netty.channel.ChannelInitializer.initChannel(Lio/netty/channel/ChannelHandlerContext;)Z+20
j  io.netty.channel.ChannelInitializer.handlerAdded(Lio/netty/channel/ChannelHandlerContext;)V+16
j  io.netty.channel.AbstractChannelHandlerContext.callHandlerAdded()V+12
j  io.netty.channel.DefaultChannelPipeline.callHandlerAdded0(Lio/netty/channel/AbstractChannelHandlerContext;)V+1
j  io.netty.channel.DefaultChannelPipeline.access$100(Lio/netty/channel/DefaultChannelPipeline;Lio/netty/channel/AbstractChannelHandlerContext;)V+2
j  io.netty.channel.DefaultChannelPipeline$PendingHandlerAddedTask.execute()V+25
j  io.netty.channel.DefaultChannelPipeline.callHandlerAddedForAllHandlers()V+57
j  io.netty.channel.DefaultChannelPipeline.invokeHandlerAddedIfNeeded()V+44
j  io.netty.channel.AbstractChannel$AbstractUnsafe.register0(Lio/netty/channel/ChannelPromise;)V+51
j  io.netty.channel.AbstractChannel$AbstractUnsafe.access$200(Lio/netty/channel/AbstractChannel$AbstractUnsafe;Lio/netty/channel/ChannelPromise;)V+2
j  io.netty.channel.AbstractChannel$AbstractUnsafe$1.run()V+8
j  io.netty.util.concurrent.AbstractEventExecutor.runTask(Ljava/lang/Runnable;)V+1
j  io.netty.util.concurrent.AbstractEventExecutor.safeExecute(Ljava/lang/Runnable;)V+1
j  io.netty.util.concurrent.SingleThreadEventExecutor.runAllTasks(J)Z+42
j  io.netty.channel.nio.NioEventLoop.run()V+329
j  io.netty.util.concurrent.SingleThreadEventExecutor$4.run()V+44
j  io.netty.util.internal.ThreadExecutorMap$2.run()V+11
j  io.netty.util.concurrent.FastThreadLocalRunnable.run()V+4
j  java.lang.Thread.run()V+11 java.base@18
v  ~StubRoutines::call_stub

siginfo: EXCEPTION_ACCESS_VIOLATION (0xc0000005), reading address 0x0000000000060009


Register to memory mapping:

RIP=0x00007ff96898dc72 jvm.dll
RAX=0x0000000000000003 is an unknown value
RBX=0x00000254da288c20 is a thread
RCX=0x000000d2de7fe300 is pointing into the stack for thread: 0x00000254da288c20
RDX=0x0000000000060005 is an unknown value
RSP=0x000000d2de7fe230 is pointing into the stack for thread: 0x00000254da288c20
RBP=0x00000254da31cfe0 points into unknown readable memory: 0x0000000100000002 | 02 00 00 00 01 00 00 00
RSI=0x0 is NULL
RDI=0x0000000088ba63d8 is an oop: java.lang.Class 
{0x0000000088ba63d8} - klass: 'java/lang/Class'
 - ---- fields (total size 14 words):
 - private volatile transient 'classRedefinedCount' 'I' @12  1
 - abstract internal 'klass' 'J' @16  34372907360 (c8f160 8)
 - abstract internal 'array_klass' 'J' @24  0 (0 0)
 - abstract internal 'oop_size' 'I' @32  14 (e)
 - abstract internal 'static_oop_field_count' 'I' @36  0
 - private volatile transient 'cachedConstructor' 'Ljava/lang/reflect/Constructor;' @40  NULL (0)
 - private transient 'name' 'Ljava/lang/String;' @44  "org.apache.avro.ipc.netty.NettyServer$NettyServerAvroHandler"{0x0000000088ba6568} (88ba6568)
 - private transient 'module' 'Ljava/lang/Module;' @48  a 'java/lang/Module'{0x0000000088c36fd8} (88c36fd8)
 - private final 'classLoader' 'Ljava/lang/ClassLoader;' @52  a 'jdk/internal/loader/ClassLoaders$AppClassLoader'{0x0000000088c2af40} (88c2af40)
 - private transient 'classData' 'Ljava/lang/Object;' @56  NULL (0)
 - private transient 'packageName' 'Ljava/lang/String;' @60  "org.apache.avro.ipc.netty"{0x0000000088c37010} (88c37010)
 - private final 'componentType' 'Ljava/lang/Class;' @64  NULL (0)
 - private volatile transient 'reflectionData' 'Ljava/lang/ref/SoftReference;' @68  NULL (0)
 - private volatile transient 'genericInfo' 'Lsun/reflect/generics/repository/ClassRepository;' @72  NULL (0)
 - private volatile transient 'enumConstants' '[Ljava/lang/Object;' @76  NULL (0)
 - private volatile transient 'enumConstantDirectory' 'Ljava/util/Map;' @80  NULL (0)
 - private volatile transient 'annotationData' 'Ljava/lang/Class$AnnotationData;' @84  NULL (0)
 - private volatile transient 'annotationType' 'Lsun/reflect/annotation/AnnotationType;' @88  NULL (0)
 - transient 'classValueMap' 'Ljava/lang/ClassValue$ClassValueMap;' @92  NULL (0)
 - abstract internal 'protection_domain' 'Ljava/lang/Object;' @96  a 'java/security/ProtectionDomain'{0x0000000088ba65e0} (88ba65e0)
 - abstract internal 'signers_name' 'Ljava/lang/Object;' @100  NULL (0)
 - abstract internal 'source_file' 'Ljava/lang/Object;' @104  NULL (0)
 - signature: Lorg/apache/avro/ipc/netty/NettyServer$NettyServerAvroHandler;
 - ---- static fields (0):
R8 =0x00000254da288c20 is a thread
R9 =0x0000000088ba63d8 is an oop: java.lang.Class 
{0x0000000088ba63d8} - klass: 'java/lang/Class'
 - ---- fields (total size 14 words):
 - private volatile transient 'classRedefinedCount' 'I' @12  1
 - abstract internal 'klass' 'J' @16  34372907360 (c8f160 8)
 - abstract internal 'array_klass' 'J' @24  0 (0 0)
 - abstract internal 'oop_size' 'I' @32  14 (e)
 - abstract internal 'static_oop_field_count' 'I' @36  0
 - private volatile transient 'cachedConstructor' 'Ljava/lang/reflect/Constructor;' @40  NULL (0)
 - private transient 'name' 'Ljava/lang/String;' @44  "org.apache.avro.ipc.netty.NettyServer$NettyServerAvroHandler"{0x0000000088ba6568} (88ba6568)
 - private transient 'module' 'Ljava/lang/Module;' @48  a 'java/lang/Module'{0x0000000088c36fd8} (88c36fd8)
 - private final 'classLoader' 'Ljava/lang/ClassLoader;' @52  a 'jdk/internal/loader/ClassLoaders$AppClassLoader'{0x0000000088c2af40} (88c2af40)
 - private transient 'classData' 'Ljava/lang/Object;' @56  NULL (0)
 - private transient 'packageName' 'Ljava/lang/String;' @60  "org.apache.avro.ipc.netty"{0x0000000088c37010} (88c37010)
 - private final 'componentType' 'Ljava/lang/Class;' @64  NULL (0)
 - private volatile transient 'reflectionData' 'Ljava/lang/ref/SoftReference;' @68  NULL (0)
 - private volatile transient 'genericInfo' 'Lsun/reflect/generics/repository/ClassRepository;' @72  NULL (0)
 - private volatile transient 'enumConstants' '[Ljava/lang/Object;' @76  NULL (0)
 - private volatile transient 'enumConstantDirectory' 'Ljava/util/Map;' @80  NULL (0)
 - private volatile transient 'annotationData' 'Ljava/lang/Class$AnnotationData;' @84  NULL (0)
 - private volatile transient 'annotationType' 'Lsun/reflect/annotation/AnnotationType;' @88  NULL (0)
 - transient 'classValueMap' 'Ljava/lang/ClassValue$ClassValueMap;' @92  NULL (0)
 - abstract internal 'protection_domain' 'Ljava/lang/Object;' @96  a 'java/security/ProtectionDomain'{0x0000000088ba65e0} (88ba65e0)
 - abstract internal 'signers_name' 'Ljava/lang/Object;' @100  NULL (0)
 - abstract internal 'source_file' 'Ljava/lang/Object;' @104  NULL (0)
 - signature: Lorg/apache/avro/ipc/netty/NettyServer$NettyServerAvroHandler;
 - ---- static fields (0):
R10=0x00000254be9dd5f2 is at code_begin+946 in an Interpreter codelet
method entry point (kind = native)  [0x00000254be9dd240, 0x00000254be9ddbc0]  2432 bytes
R11=0x0000000000000102 is an unknown value
R12=0x00000254d9444750 points into unknown readable memory: 0x6e616c2e6176616a | 6a 61 76 61 2e 6c 61 6e
R13=0x00000254d9444b28 points into unknown readable memory: 0x88000700bdd4cd87 | 87 cd d4 bd 00 07 00 88
R14=0x00000254d9444740 points into unknown readable memory: 0x0000000000000000 | 00 00 00 00 00 00 00 00
R15=0x000000000006000b is an unknown value


Registers:
RAX=0x0000000000000003, RBX=0x00000254da288c20, RCX=0x000000d2de7fe300, RDX=0x0000000000060005
RSP=0x000000d2de7fe230, RBP=0x00000254da31cfe0, RSI=0x0000000000000000, RDI=0x0000000088ba63d8
R8 =0x00000254da288c20, R9 =0x0000000088ba63d8, R10=0x00000254be9dd5f2, R11=0x0000000000000102
R12=0x00000254d9444750, R13=0x00000254d9444b28, R14=0x00000254d9444740, R15=0x000000000006000b
RIP=0x00007ff96898dc72, EFLAGS=0x0000000000010206

Top of Stack: (sp=0x000000d2de7fe230)
0x000000d2de7fe230:   00007ff968ee7a88 00000254da288c20
0x000000d2de7fe240:   0000000800cea5a8 0000000000000003
0x000000d2de7fe250:   000000008856cfb0 00000000000003d8
0x000000d2de7fe260:   00000254d9444740 00000254da31cfe0
0x000000d2de7fe270:   00000254da288c20 00007ff968a18343
0x000000d2de7fe280:   0000000800cea5a8 00007ff968b5eb3d
0x000000d2de7fe290:   00000254da1fb001 00000254da288c20
0x000000d2de7fe2a0:   00007ff968f34f70 0000000000000000
0x000000d2de7fe2b0:   00000254da288c00 0000000000000000
0x000000d2de7fe2c0:   00007ff968f34f00 0000000000000000
0x000000d2de7fe2d0:   00000254da288c20 000000d2de7fe398
0x000000d2de7fe2e0:   00000008005e19d0 0000000000000000
0x000000d2de7fe2f0:   0000000088b7faa0 00000254be9dd621
0x000000d2de7fe300:   0000000000036dda 000000080001a9a8
0x000000d2de7fe310:   000000d2de7fe378 00000000886d09b8
0x000000d2de7fe320:   00000254d5987d28 00000254d540c0a8 

Instructions: (pc=0x00007ff96898dc72)
0x00007ff96898db72:   b9 10 00 00 00 41 be 18 00 00 00 44 0f 45 f1 33
0x00007ff96898db82:   ff 8b cf 48 85 db 74 03 48 8b 0b 48 63 15 74 75
0x00007ff96898db92:   78 00 ff 15 8e fc 70 00 4c 8b c5 49 8b cf 48 85
0x00007ff96898dba2:   c0 49 8d 14 06 48 0f 44 d7 e8 10 3a c6 ff e9 85
0x00007ff96898dbb2:   00 00 00 80 7c 24 68 00 74 40 48 85 db 75 04 33
0x00007ff96898dbc2:   ff eb 03 48 8b 3b 48 63 15 39 75 78 00 48 8b cf
0x00007ff96898dbd2:   ff 15 50 fc 70 00 80 3d 5a 5e 78 00 00 b9 10 00
0x00007ff96898dbe2:   00 00 ba 18 00 00 00 44 8b c5 0f 45 d1 49 8b cf
0x00007ff96898dbf2:   48 03 d0 e8 56 bd 41 00 eb 3e 48 85 db 75 04 33
0x00007ff96898dc02:   ff eb 03 48 8b 3b 48 63 15 f9 74 78 00 48 8b cf
0x00007ff96898dc12:   ff 15 10 fc 70 00 80 3d 1a 5e 78 00 00 b9 10 00
0x00007ff96898dc22:   00 00 ba 18 00 00 00 44 8b c5 0f 45 d1 49 8b cf
0x00007ff96898dc32:   48 03 d0 e8 26 be 41 00 4c 8b 74 24 30 48 89 1e
0x00007ff96898dc42:   48 8b 6c 24 60 48 8b c6 48 83 c4 38 41 5f 5f 5e
0x00007ff96898dc52:   5b c3 cc cc cc cc cc cc cc cc cc cc cc cc 40 53
0x00007ff96898dc62:   55 41 56 41 57 48 83 ec 28 4c 8d 7a 06 49 8b d8
0x00007ff96898dc72:   0f b7 52 04 4c 8d 4c 24 60 4c 8b f1 4c 8d 44 24
0x00007ff96898dc82:   58 49 8b cf e8 45 c9 41 00 80 3d 09 4a 71 00 00
0x00007ff96898dc92:   48 63 e8 75 0f 45 32 c0 c6 44 24 60 01 44 88 44
0x00007ff96898dca2:   24 58 eb 06 44 0f b6 44 24 58 4c 8b cb 48 89 7c
0x00007ff96898dcb2:   24 20 8b d5 48 8d 4c 24 68 e8 20 d0 ff ff 48 83
0x00007ff96898dcc2:   7b 08 00 74 0a 33 ff 49 89 3e e9 ee 00 00 00 48
0x00007ff96898dcd2:   8b 5c 24 68 85 ed 0f 8e de 00 00 00 80 7c 24 60
0x00007ff96898dce2:   00 48 89 74 24 50 75 48 80 3d 48 5d 78 00 00 b9
0x00007ff96898dcf2:   10 00 00 00 be 18 00 00 00 0f 45 f1 33 ff 8b cf
0x00007ff96898dd02:   48 85 db 74 03 48 8b 0b 48 63 15 f7 73 78 00 ff
0x00007ff96898dd12:   15 11 fb 70 00 4c 8b c5 49 8b cf 48 85 c0 48 8d
0x00007ff96898dd22:   14 06 48 0f 44 d7 e8 93 38 c6 ff e9 85 00 00 00
0x00007ff96898dd32:   80 7c 24 58 00 74 40 48 85 db 75 04 33 ff eb 03
0x00007ff96898dd42:   48 8b 3b 48 63 15 bc 73 78 00 48 8b cf ff 15 d3
0x00007ff96898dd52:   fa 70 00 80 3d dd 5c 78 00 00 b9 10 00 00 00 ba
0x00007ff96898dd62:   18 00 00 00 44 8b c5 0f 45 d1 49 8b cf 48 03 d0 


Stack slot to memory mapping:
stack at sp + 0 slots: 0x00007ff968ee7a88 jvm.dll
stack at sp + 1 slots: 0x00000254da288c20 is a thread
stack at sp + 2 slots: 0x0000000800cea5a8 is a pointer to class: 
stack at sp + 3 slots: 0x0000000000000003 is an unknown value
stack at sp + 4 slots: 0x000000008856cfb0 is an oop: [Ljava.lang.reflect.TypeVariable; 
{0x000000008856cfb0} - klass: 'java/lang/reflect/TypeVariable'[]
 - length: 1
stack at sp + 5 slots: 0x00000000000003d8 is an unknown value
stack at sp + 6 slots: 0x00000254d9444740 points into unknown readable memory: 0x0000000000000000 | 00 00 00 00 00 00 00 00
stack at sp + 7 slots: 0x00000254da31cfe0 points into unknown readable memory: 0x0000000100000002 | 02 00 00 00 01 00 00 00


---------------  P R O C E S S  ---------------

Threads class SMR info:
_java_thread_list=0x00000254da36b3b0, length=18, elements={
0x00000254b70aa780, 0x00000254d5173990, 0x00000254d51745f0, 0x00000254d518eec0,
0x00000254d518f860, 0x00000254d5190200, 0x00000254d5190ba0, 0x00000254d5191870,
0x00000254d51ba9c0, 0x00000254d51bd4f0, 0x00000254d948ed50, 0x00000254d95312a0,
0x00000254da059140, 0x00000254da36d7e0, 0x00000254da471070, 0x00000254da288c20,
0x00000254da3f9da0, 0x00000254da3d50e0
}

Java Threads: ( => current thread )
  0x00000254b70aa780 JavaThread "main" [_thread_blocked, id=15576, stack(0x000000d2dca00000,0x000000d2dcb00000)]
  0x00000254d5173990 JavaThread "Reference Handler" daemon [_thread_blocked, id=2372, stack(0x000000d2dd100000,0x000000d2dd200000)]
  0x00000254d51745f0 JavaThread "Finalizer" daemon [_thread_blocked, id=9860, stack(0x000000d2dd200000,0x000000d2dd300000)]
  0x00000254d518eec0 JavaThread "Signal Dispatcher" daemon [_thread_blocked, id=14572, stack(0x000000d2dd300000,0x000000d2dd400000)]
  0x00000254d518f860 JavaThread "Attach Listener" daemon [_thread_blocked, id=6728, stack(0x000000d2dd400000,0x000000d2dd500000)]
  0x00000254d5190200 JavaThread "Service Thread" daemon [_thread_blocked, id=10396, stack(0x000000d2dd500000,0x000000d2dd600000)]
  0x00000254d5190ba0 JavaThread "Monitor Deflation Thread" daemon [_thread_blocked, id=11232, stack(0x000000d2dd600000,0x000000d2dd700000)]
  0x00000254d5191870 JavaThread "C2 CompilerThread0" daemon [_thread_blocked, id=10116, stack(0x000000d2dd700000,0x000000d2dd800000)]
  0x00000254d51ba9c0 JavaThread "C1 CompilerThread0" daemon [_thread_blocked, id=8456, stack(0x000000d2dd800000,0x000000d2dd900000)]
  0x00000254d51bd4f0 JavaThread "Sweeper thread" daemon [_thread_blocked, id=16452, stack(0x000000d2dd900000,0x000000d2dda00000)]
  0x00000254d948ed50 JavaThread "Common-Cleaner" daemon [_thread_blocked, id=17860, stack(0x000000d2dda00000,0x000000d2ddb00000)]
  0x00000254d95312a0 JavaThread "Notification Thread" daemon [_thread_blocked, id=2376, stack(0x000000d2ddb00000,0x000000d2ddc00000)]
  0x00000254da059140 JavaThread "mutationTestThread" daemon [_thread_blocked, id=8180, stack(0x000000d2ddd00000,0x000000d2dde00000)]
  0x00000254da36d7e0 JavaThread "nioEventLoopGroup-2-1" [_thread_in_native, id=11224, stack(0x000000d2de400000,0x000000d2de500000)]
  0x00000254da471070 JavaThread "avro 1" daemon [_thread_in_native, id=10860, stack(0x000000d2de500000,0x000000d2de600000)]
=>0x00000254da288c20 JavaThread "nioEventLoopGroup-3-1" [_thread_in_vm, id=18912, stack(0x000000d2de700000,0x000000d2de800000)]
  0x00000254da3f9da0 JavaThread "avro 1" daemon [_thread_in_native, id=17700, stack(0x000000d2de800000,0x000000d2de900000)]
  0x00000254da3d50e0 JavaThread "nioEventLoopGroup-3-2" [_thread_in_vm, id=18228, stack(0x000000d2de900000,0x000000d2dea00000)]

Other Threads:
  0x00000254d516f980 VMThread "VM Thread" [stack: 0x000000d2dd000000,0x000000d2dd100000] [id=11156]
  0x00000254d94eec30 WatcherThread "VM Periodic Task Thread" [stack: 0x000000d2ddc00000,0x000000d2ddd00000] [id=20256]
  0x00000254b7109bb0 WorkerThread "GC Thread#0" [stack: 0x000000d2dcb00000,0x000000d2dcc00000] [id=12012]
  0x00000254da12e3f0 WorkerThread "GC Thread#1" [stack: 0x000000d2dde00000,0x000000d2ddf00000] [id=5964]
  0x00000254da12e690 WorkerThread "GC Thread#2" [stack: 0x000000d2ddf00000,0x000000d2de000000] [id=11812]
  0x00000254da0d22b0 WorkerThread "GC Thread#3" [stack: 0x000000d2de000000,0x000000d2de100000] [id=15844]
  0x00000254da11ec70 WorkerThread "GC Thread#4" [stack: 0x000000d2de100000,0x000000d2de200000] [id=6984]
  0x00000254da11ef10 WorkerThread "GC Thread#5" [stack: 0x000000d2de200000,0x000000d2de300000] [id=19176]
  0x00000254da161bb0 WorkerThread "GC Thread#6" [stack: 0x000000d2de300000,0x000000d2de400000] [id=1284]
  0x00000254b711a620 ConcurrentGCThread "G1 Main Marker" [stack: 0x000000d2dcc00000,0x000000d2dcd00000] [id=15804]
  0x00000254b711b010 WorkerThread "G1 Conc#0" [stack: 0x000000d2dcd00000,0x000000d2dce00000] [id=17264]
  0x00000254b716d240 ConcurrentGCThread "G1 Refine#0" [stack: 0x000000d2dce00000,0x000000d2dcf00000] [id=15076]
  0x00000254b716db50 ConcurrentGCThread "G1 Service" [stack: 0x000000d2dcf00000,0x000000d2dd000000] [id=19092]

Threads with active compile tasks:

VM state: not at safepoint (normal execution)

VM Mutex/Monitor currently owned by a thread: None

Heap address: 0x0000000082600000, size: 2010 MB, Compressed Oops mode: 32-bit

CDS archive(s) mapped at: [0x0000000800000000-0x0000000800ba0000-0x0000000800ba0000), size 12189696, SharedBaseAddress: 0x0000000800000000, ArchiveRelocationMode: 0.
Compressed class space mapped at: 0x0000000800c00000-0x0000000840c00000, reserved size: 1073741824
Narrow klass base: 0x0000000800000000, Narrow klass shift: 0, Narrow klass range: 0x100000000

GC Precious Log:
 CardTable entry size: 512
 Card Set container configuration: InlinePtr #cards 5 size 8 Array Of Cards #cards 12 size 40 Howl #buckets 4 coarsen threshold 1843 Howl Bitmap #cards 512 size 80 coarsen threshold 460 Card regions per heap region 1 cards per card region 2048
 CPUs: 8 total, 8 available
 Memory: 8039M
 Large Page Support: Disabled
 NUMA Support: Disabled
 Compressed Oops: Enabled (32-bit)
 Heap Region Size: 1M
 Heap Min Capacity: 8M
 Heap Initial Capacity: 126M
 Heap Max Capacity: 2010M
 Pre-touch: Disabled
 Parallel Workers: 8
 Concurrent Workers: 2
 Concurrent Refinement Workers: 8
 Periodic GC: Disabled

Heap:
 garbage-first heap   total 129024K, used 31040K [0x0000000082600000, 0x0000000100000000)
  region size 1024K, 33 young (33792K), 3 survivors (3072K)
 Metaspace       used 13322K, committed 13504K, reserved 1114112K
  class space    used 1555K, committed 1664K, reserved 1048576K

Heap Regions: E=young(eden), S=young(survivor), O=old, HS=humongous(starts), HC=humongous(continues), CS=collection set, F=free, OA=open archive, CA=closed archive, TAMS=top-at-mark-start (previous, next)
|   0|0x0000000082600000, 0x0000000082650000, 0x0000000082700000| 31%| O|  |TAMS 0x0000000082600000, 0x0000000082600000| Untracked 
|   1|0x0000000082700000, 0x0000000082700000, 0x0000000082800000|  0%| F|  |TAMS 0x0000000082700000, 0x0000000082700000| Untracked 
|   2|0x0000000082800000, 0x0000000082800000, 0x0000000082900000|  0%| F|  |TAMS 0x0000000082800000, 0x0000000082800000| Untracked 
|   3|0x0000000082900000, 0x0000000082900000, 0x0000000082a00000|  0%| F|  |TAMS 0x0000000082900000, 0x0000000082900000| Untracked 
|   4|0x0000000082a00000, 0x0000000082a00000, 0x0000000082b00000|  0%| F|  |TAMS 0x0000000082a00000, 0x0000000082a00000| Untracked 
|   5|0x0000000082b00000, 0x0000000082b00000, 0x0000000082c00000|  0%| F|  |TAMS 0x0000000082b00000, 0x0000000082b00000| Untracked 
|   6|0x0000000082c00000, 0x0000000082c00000, 0x0000000082d00000|  0%| F|  |TAMS 0x0000000082c00000, 0x0000000082c00000| Untracked 
|   7|0x0000000082d00000, 0x0000000082d00000, 0x0000000082e00000|  0%| F|  |TAMS 0x0000000082d00000, 0x0000000082d00000| Untracked 
|   8|0x0000000082e00000, 0x0000000082e00000, 0x0000000082f00000|  0%| F|  |TAMS 0x0000000082e00000, 0x0000000082e00000| Untracked 
|   9|0x0000000082f00000, 0x0000000082f00000, 0x0000000083000000|  0%| F|  |TAMS 0x0000000082f00000, 0x0000000082f00000| Untracked 
|  10|0x0000000083000000, 0x0000000083000000, 0x0000000083100000|  0%| F|  |TAMS 0x0000000083000000, 0x0000000083000000| Untracked 
|  11|0x0000000083100000, 0x0000000083100000, 0x0000000083200000|  0%| F|  |TAMS 0x0000000083100000, 0x0000000083100000| Untracked 
|  12|0x0000000083200000, 0x0000000083200000, 0x0000000083300000|  0%| F|  |TAMS 0x0000000083200000, 0x0000000083200000| Untracked 
|  13|0x0000000083300000, 0x0000000083300000, 0x0000000083400000|  0%| F|  |TAMS 0x0000000083300000, 0x0000000083300000| Untracked 
|  14|0x0000000083400000, 0x0000000083400000, 0x0000000083500000|  0%| F|  |TAMS 0x0000000083400000, 0x0000000083400000| Untracked 
|  15|0x0000000083500000, 0x0000000083500000, 0x0000000083600000|  0%| F|  |TAMS 0x0000000083500000, 0x0000000083500000| Untracked 
|  16|0x0000000083600000, 0x0000000083600000, 0x0000000083700000|  0%| F|  |TAMS 0x0000000083600000, 0x0000000083600000| Untracked 
|  17|0x0000000083700000, 0x0000000083700000, 0x0000000083800000|  0%| F|  |TAMS 0x0000000083700000, 0x0000000083700000| Untracked 
|  18|0x0000000083800000, 0x0000000083800000, 0x0000000083900000|  0%| F|  |TAMS 0x0000000083800000, 0x0000000083800000| Untracked 
|  19|0x0000000083900000, 0x0000000083900000, 0x0000000083a00000|  0%| F|  |TAMS 0x0000000083900000, 0x0000000083900000| Untracked 
|  20|0x0000000083a00000, 0x0000000083a00000, 0x0000000083b00000|  0%| F|  |TAMS 0x0000000083a00000, 0x0000000083a00000| Untracked 
|  21|0x0000000083b00000, 0x0000000083b00000, 0x0000000083c00000|  0%| F|  |TAMS 0x0000000083b00000, 0x0000000083b00000| Untracked 
|  22|0x0000000083c00000, 0x0000000083c00000, 0x0000000083d00000|  0%| F|  |TAMS 0x0000000083c00000, 0x0000000083c00000| Untracked 
|  23|0x0000000083d00000, 0x0000000083d00000, 0x0000000083e00000|  0%| F|  |TAMS 0x0000000083d00000, 0x0000000083d00000| Untracked 
|  24|0x0000000083e00000, 0x0000000083e00000, 0x0000000083f00000|  0%| F|  |TAMS 0x0000000083e00000, 0x0000000083e00000| Untracked 
|  25|0x0000000083f00000, 0x0000000083f00000, 0x0000000084000000|  0%| F|  |TAMS 0x0000000083f00000, 0x0000000083f00000| Untracked 
|  26|0x0000000084000000, 0x0000000084000000, 0x0000000084100000|  0%| F|  |TAMS 0x0000000084000000, 0x0000000084000000| Untracked 
|  27|0x0000000084100000, 0x0000000084100000, 0x0000000084200000|  0%| F|  |TAMS 0x0000000084100000, 0x0000000084100000| Untracked 
|  28|0x0000000084200000, 0x0000000084200000, 0x0000000084300000|  0%| F|  |TAMS 0x0000000084200000, 0x0000000084200000| Untracked 
|  29|0x0000000084300000, 0x0000000084300000, 0x0000000084400000|  0%| F|  |TAMS 0x0000000084300000, 0x0000000084300000| Untracked 
|  30|0x0000000084400000, 0x0000000084400000, 0x0000000084500000|  0%| F|  |TAMS 0x0000000084400000, 0x0000000084400000| Untracked 
|  31|0x0000000084500000, 0x0000000084500000, 0x0000000084600000|  0%| F|  |TAMS 0x0000000084500000, 0x0000000084500000| Untracked 
|  32|0x0000000084600000, 0x0000000084600000, 0x0000000084700000|  0%| F|  |TAMS 0x0000000084600000, 0x0000000084600000| Untracked 
|  33|0x0000000084700000, 0x0000000084700000, 0x0000000084800000|  0%| F|  |TAMS 0x0000000084700000, 0x0000000084700000| Untracked 
|  34|0x0000000084800000, 0x0000000084800000, 0x0000000084900000|  0%| F|  |TAMS 0x0000000084800000, 0x0000000084800000| Untracked 
|  35|0x0000000084900000, 0x0000000084900000, 0x0000000084a00000|  0%| F|  |TAMS 0x0000000084900000, 0x0000000084900000| Untracked 
|  36|0x0000000084a00000, 0x0000000084a00000, 0x0000000084b00000|  0%| F|  |TAMS 0x0000000084a00000, 0x0000000084a00000| Untracked 
|  37|0x0000000084b00000, 0x0000000084b00000, 0x0000000084c00000|  0%| F|  |TAMS 0x0000000084b00000, 0x0000000084b00000| Untracked 
|  38|0x0000000084c00000, 0x0000000084c00000, 0x0000000084d00000|  0%| F|  |TAMS 0x0000000084c00000, 0x0000000084c00000| Untracked 
|  39|0x0000000084d00000, 0x0000000084d00000, 0x0000000084e00000|  0%| F|  |TAMS 0x0000000084d00000, 0x0000000084d00000| Untracked 
|  40|0x0000000084e00000, 0x0000000084e00000, 0x0000000084f00000|  0%| F|  |TAMS 0x0000000084e00000, 0x0000000084e00000| Untracked 
|  41|0x0000000084f00000, 0x0000000084f00000, 0x0000000085000000|  0%| F|  |TAMS 0x0000000084f00000, 0x0000000084f00000| Untracked 
|  42|0x0000000085000000, 0x0000000085000000, 0x0000000085100000|  0%| F|  |TAMS 0x0000000085000000, 0x0000000085000000| Untracked 
|  43|0x0000000085100000, 0x0000000085100000, 0x0000000085200000|  0%| F|  |TAMS 0x0000000085100000, 0x0000000085100000| Untracked 
|  44|0x0000000085200000, 0x0000000085200000, 0x0000000085300000|  0%| F|  |TAMS 0x0000000085200000, 0x0000000085200000| Untracked 
|  45|0x0000000085300000, 0x0000000085300000, 0x0000000085400000|  0%| F|  |TAMS 0x0000000085300000, 0x0000000085300000| Untracked 
|  46|0x0000000085400000, 0x0000000085400000, 0x0000000085500000|  0%| F|  |TAMS 0x0000000085400000, 0x0000000085400000| Untracked 
|  47|0x0000000085500000, 0x0000000085500000, 0x0000000085600000|  0%| F|  |TAMS 0x0000000085500000, 0x0000000085500000| Untracked 
|  48|0x0000000085600000, 0x0000000085600000, 0x0000000085700000|  0%| F|  |TAMS 0x0000000085600000, 0x0000000085600000| Untracked 
|  49|0x0000000085700000, 0x0000000085700000, 0x0000000085800000|  0%| F|  |TAMS 0x0000000085700000, 0x0000000085700000| Untracked 
|  50|0x0000000085800000, 0x0000000085800000, 0x0000000085900000|  0%| F|  |TAMS 0x0000000085800000, 0x0000000085800000| Untracked 
|  51|0x0000000085900000, 0x0000000085900000, 0x0000000085a00000|  0%| F|  |TAMS 0x0000000085900000, 0x0000000085900000| Untracked 
|  52|0x0000000085a00000, 0x0000000085a00000, 0x0000000085b00000|  0%| F|  |TAMS 0x0000000085a00000, 0x0000000085a00000| Untracked 
|  53|0x0000000085b00000, 0x0000000085b00000, 0x0000000085c00000|  0%| F|  |TAMS 0x0000000085b00000, 0x0000000085b00000| Untracked 
|  54|0x0000000085c00000, 0x0000000085c00000, 0x0000000085d00000|  0%| F|  |TAMS 0x0000000085c00000, 0x0000000085c00000| Untracked 
|  55|0x0000000085d00000, 0x0000000085d00000, 0x0000000085e00000|  0%| F|  |TAMS 0x0000000085d00000, 0x0000000085d00000| Untracked 
|  56|0x0000000085e00000, 0x0000000085e00000, 0x0000000085f00000|  0%| F|  |TAMS 0x0000000085e00000, 0x0000000085e00000| Untracked 
|  57|0x0000000085f00000, 0x0000000085f00000, 0x0000000086000000|  0%| F|  |TAMS 0x0000000085f00000, 0x0000000085f00000| Untracked 
|  58|0x0000000086000000, 0x0000000086000000, 0x0000000086100000|  0%| F|  |TAMS 0x0000000086000000, 0x0000000086000000| Untracked 
|  59|0x0000000086100000, 0x0000000086100000, 0x0000000086200000|  0%| F|  |TAMS 0x0000000086100000, 0x0000000086100000| Untracked 
|  60|0x0000000086200000, 0x0000000086200000, 0x0000000086300000|  0%| F|  |TAMS 0x0000000086200000, 0x0000000086200000| Untracked 
|  61|0x0000000086300000, 0x0000000086300000, 0x0000000086400000|  0%| F|  |TAMS 0x0000000086300000, 0x0000000086300000| Untracked 
|  62|0x0000000086400000, 0x0000000086400000, 0x0000000086500000|  0%| F|  |TAMS 0x0000000086400000, 0x0000000086400000| Untracked 
|  63|0x0000000086500000, 0x0000000086500000, 0x0000000086600000|  0%| F|  |TAMS 0x0000000086500000, 0x0000000086500000| Untracked 
|  64|0x0000000086600000, 0x0000000086600000, 0x0000000086700000|  0%| F|  |TAMS 0x0000000086600000, 0x0000000086600000| Untracked 
|  65|0x0000000086700000, 0x0000000086700000, 0x0000000086800000|  0%| F|  |TAMS 0x0000000086700000, 0x0000000086700000| Untracked 
|  66|0x0000000086800000, 0x0000000086800000, 0x0000000086900000|  0%| F|  |TAMS 0x0000000086800000, 0x0000000086800000| Untracked 
|  67|0x0000000086900000, 0x0000000086900000, 0x0000000086a00000|  0%| F|  |TAMS 0x0000000086900000, 0x0000000086900000| Untracked 
|  68|0x0000000086a00000, 0x0000000086a00000, 0x0000000086b00000|  0%| F|  |TAMS 0x0000000086a00000, 0x0000000086a00000| Untracked 
|  69|0x0000000086b00000, 0x0000000086b00000, 0x0000000086c00000|  0%| F|  |TAMS 0x0000000086b00000, 0x0000000086b00000| Untracked 
|  70|0x0000000086c00000, 0x0000000086c00000, 0x0000000086d00000|  0%| F|  |TAMS 0x0000000086c00000, 0x0000000086c00000| Untracked 
|  71|0x0000000086d00000, 0x0000000086d00000, 0x0000000086e00000|  0%| F|  |TAMS 0x0000000086d00000, 0x0000000086d00000| Untracked 
|  72|0x0000000086e00000, 0x0000000086e00000, 0x0000000086f00000|  0%| F|  |TAMS 0x0000000086e00000, 0x0000000086e00000| Untracked 
|  73|0x0000000086f00000, 0x0000000086f00000, 0x0000000087000000|  0%| F|  |TAMS 0x0000000086f00000, 0x0000000086f00000| Untracked 
|  74|0x0000000087000000, 0x0000000087000000, 0x0000000087100000|  0%| F|  |TAMS 0x0000000087000000, 0x0000000087000000| Untracked 
|  75|0x0000000087100000, 0x0000000087100000, 0x0000000087200000|  0%| F|  |TAMS 0x0000000087100000, 0x0000000087100000| Untracked 
|  76|0x0000000087200000, 0x0000000087200000, 0x0000000087300000|  0%| F|  |TAMS 0x0000000087200000, 0x0000000087200000| Untracked 
|  77|0x0000000087300000, 0x0000000087300000, 0x0000000087400000|  0%| F|  |TAMS 0x0000000087300000, 0x0000000087300000| Untracked 
|  78|0x0000000087400000, 0x0000000087400000, 0x0000000087500000|  0%| F|  |TAMS 0x0000000087400000, 0x0000000087400000| Untracked 
|  79|0x0000000087500000, 0x0000000087500000, 0x0000000087600000|  0%| F|  |TAMS 0x0000000087500000, 0x0000000087500000| Untracked 
|  80|0x0000000087600000, 0x0000000087600000, 0x0000000087700000|  0%| F|  |TAMS 0x0000000087600000, 0x0000000087600000| Untracked 
|  81|0x0000000087700000, 0x0000000087700000, 0x0000000087800000|  0%| F|  |TAMS 0x0000000087700000, 0x0000000087700000| Untracked 
|  82|0x0000000087800000, 0x0000000087800000, 0x0000000087900000|  0%| F|  |TAMS 0x0000000087800000, 0x0000000087800000| Untracked 
|  83|0x0000000087900000, 0x0000000087900000, 0x0000000087a00000|  0%| F|  |TAMS 0x0000000087900000, 0x0000000087900000| Untracked 
|  84|0x0000000087a00000, 0x0000000087a00000, 0x0000000087b00000|  0%| F|  |TAMS 0x0000000087a00000, 0x0000000087a00000| Untracked 
|  85|0x0000000087b00000, 0x0000000087b00000, 0x0000000087c00000|  0%| F|  |TAMS 0x0000000087b00000, 0x0000000087b00000| Untracked 
|  86|0x0000000087c00000, 0x0000000087c00000, 0x0000000087d00000|  0%| F|  |TAMS 0x0000000087c00000, 0x0000000087c00000| Untracked 
|  87|0x0000000087d00000, 0x0000000087d00000, 0x0000000087e00000|  0%| F|  |TAMS 0x0000000087d00000, 0x0000000087d00000| Untracked 
|  88|0x0000000087e00000, 0x0000000087e00000, 0x0000000087f00000|  0%| F|  |TAMS 0x0000000087e00000, 0x0000000087e00000| Untracked 
|  89|0x0000000087f00000, 0x0000000087f00000, 0x0000000088000000|  0%| F|  |TAMS 0x0000000087f00000, 0x0000000087f00000| Untracked 
|  90|0x0000000088000000, 0x0000000088000000, 0x0000000088100000|  0%| F|  |TAMS 0x0000000088000000, 0x0000000088000000| Untracked 
|  91|0x0000000088100000, 0x0000000088100000, 0x0000000088200000|  0%| F|  |TAMS 0x0000000088100000, 0x0000000088100000| Untracked 
|  92|0x0000000088200000, 0x0000000088200000, 0x0000000088300000|  0%| F|  |TAMS 0x0000000088200000, 0x0000000088200000| Untracked 
|  93|0x0000000088300000, 0x00000000883356b8, 0x0000000088400000| 20%| E|  |TAMS 0x0000000088300000, 0x0000000088300000| Complete 
|  94|0x0000000088400000, 0x0000000088500000, 0x0000000088500000|100%| E|CS|TAMS 0x0000000088400000, 0x0000000088400000| Complete 
|  95|0x0000000088500000, 0x0000000088600000, 0x0000000088600000|100%| E|CS|TAMS 0x0000000088500000, 0x0000000088500000| Complete 
|  96|0x0000000088600000, 0x0000000088700000, 0x0000000088700000|100%| E|CS|TAMS 0x0000000088600000, 0x0000000088600000| Complete 
|  97|0x0000000088700000, 0x0000000088800000, 0x0000000088800000|100%| E|CS|TAMS 0x0000000088700000, 0x0000000088700000| Complete 
|  98|0x0000000088800000, 0x0000000088900000, 0x0000000088900000|100%| E|CS|TAMS 0x0000000088800000, 0x0000000088800000| Complete 
|  99|0x0000000088900000, 0x0000000088a00000, 0x0000000088a00000|100%| E|CS|TAMS 0x0000000088900000, 0x0000000088900000| Complete 
| 100|0x0000000088a00000, 0x0000000088b00000, 0x0000000088b00000|100%| S|CS|TAMS 0x0000000088a00000, 0x0000000088a00000| Complete 
| 101|0x0000000088b00000, 0x0000000088c00000, 0x0000000088c00000|100%| S|CS|TAMS 0x0000000088b00000, 0x0000000088b00000| Complete 
| 102|0x0000000088c00000, 0x0000000088d00000, 0x0000000088d00000|100%| S|CS|TAMS 0x0000000088c00000, 0x0000000088c00000| Complete 
| 103|0x0000000088d00000, 0x0000000088e00000, 0x0000000088e00000|100%| E|CS|TAMS 0x0000000088d00000, 0x0000000088d00000| Complete 
| 104|0x0000000088e00000, 0x0000000088f00000, 0x0000000088f00000|100%| E|CS|TAMS 0x0000000088e00000, 0x0000000088e00000| Complete 
| 105|0x0000000088f00000, 0x0000000089000000, 0x0000000089000000|100%| E|  |TAMS 0x0000000088f00000, 0x0000000088f00000| Complete 
| 106|0x0000000089000000, 0x0000000089100000, 0x0000000089100000|100%| E|CS|TAMS 0x0000000089000000, 0x0000000089000000| Complete 
| 107|0x0000000089100000, 0x0000000089200000, 0x0000000089200000|100%| E|CS|TAMS 0x0000000089100000, 0x0000000089100000| Complete 
| 108|0x0000000089200000, 0x0000000089300000, 0x0000000089300000|100%| E|CS|TAMS 0x0000000089200000, 0x0000000089200000| Complete 
| 109|0x0000000089300000, 0x0000000089400000, 0x0000000089400000|100%| E|CS|TAMS 0x0000000089300000, 0x0000000089300000| Complete 
| 110|0x0000000089400000, 0x0000000089500000, 0x0000000089500000|100%| E|CS|TAMS 0x0000000089400000, 0x0000000089400000| Complete 
| 111|0x0000000089500000, 0x0000000089600000, 0x0000000089600000|100%| E|CS|TAMS 0x0000000089500000, 0x0000000089500000| Complete 
| 112|0x0000000089600000, 0x0000000089700000, 0x0000000089700000|100%| E|CS|TAMS 0x0000000089600000, 0x0000000089600000| Complete 
| 113|0x0000000089700000, 0x0000000089800000, 0x0000000089800000|100%| E|CS|TAMS 0x0000000089700000, 0x0000000089700000| Complete 
| 114|0x0000000089800000, 0x0000000089900000, 0x0000000089900000|100%| E|CS|TAMS 0x0000000089800000, 0x0000000089800000| Complete 
| 115|0x0000000089900000, 0x0000000089a00000, 0x0000000089a00000|100%| E|CS|TAMS 0x0000000089900000, 0x0000000089900000| Complete 
| 116|0x0000000089a00000, 0x0000000089b00000, 0x0000000089b00000|100%| E|CS|TAMS 0x0000000089a00000, 0x0000000089a00000| Complete 
| 117|0x0000000089b00000, 0x0000000089c00000, 0x0000000089c00000|100%| E|CS|TAMS 0x0000000089b00000, 0x0000000089b00000| Complete 
| 118|0x0000000089c00000, 0x0000000089d00000, 0x0000000089d00000|100%| E|CS|TAMS 0x0000000089c00000, 0x0000000089c00000| Complete 
| 119|0x0000000089d00000, 0x0000000089e00000, 0x0000000089e00000|100%| E|CS|TAMS 0x0000000089d00000, 0x0000000089d00000| Complete 
| 120|0x0000000089e00000, 0x0000000089f00000, 0x0000000089f00000|100%| E|CS|TAMS 0x0000000089e00000, 0x0000000089e00000| Complete 
| 121|0x0000000089f00000, 0x000000008a000000, 0x000000008a000000|100%| E|CS|TAMS 0x0000000089f00000, 0x0000000089f00000| Complete 
| 122|0x000000008a000000, 0x000000008a100000, 0x000000008a100000|100%| E|CS|TAMS 0x000000008a000000, 0x000000008a000000| Complete 
| 123|0x000000008a100000, 0x000000008a200000, 0x000000008a200000|100%| E|CS|TAMS 0x000000008a100000, 0x000000008a100000| Complete 
| 124|0x000000008a200000, 0x000000008a300000, 0x000000008a300000|100%| E|CS|TAMS 0x000000008a200000, 0x000000008a200000| Complete 
| 125|0x000000008a300000, 0x000000008a400000, 0x000000008a400000|100%| E|CS|TAMS 0x000000008a300000, 0x000000008a300000| Complete 

Card table byte_map: [0x00000254ce0f0000,0x00000254ce4e0000] _byte_map_base: 0x00000254cdcdd000

Marking Bits (Prev, Next): (CMBitMap*) 0x00000254b710a1b0, (CMBitMap*) 0x00000254b710a1f0
 Prev Bits: [0x00000254ce8d0000, 0x00000254d0838000)
 Next Bits: [0x00000254d0840000, 0x00000254d27a8000)

Polling page: 0x00000254b5090000

Metaspace:

Usage:
  Non-class:     11.55 MB used.
      Class:      1.54 MB used.
       Both:     13.09 MB used.

Virtual space:
  Non-class space:       64.00 MB reserved,      11.62 MB ( 18%) committed,  1 nodes.
      Class space:        1.00 GB reserved,       1.62 MB ( <1%) committed,  1 nodes.
             Both:        1.06 GB reserved,      13.25 MB (  1%) committed. 

Chunk freelists:
   Non-Class:  384.00 KB
       Class:  2.34 MB
        Both:  2.72 MB

MaxMetaspaceSize: unlimited
CompressedClassSpaceSize: 1.00 GB
Initial GC threshold: 21.00 MB
Current GC threshold: 21.00 MB
CDS: on
MetaspaceReclaimPolicy: balanced
 - commit_granule_bytes: 65536.
 - commit_granule_words: 8192.
 - virtual_space_node_default_size: 8388608.
 - enlarge_chunks_in_place: 1.
 - new_chunks_are_fully_committed: 0.
 - uncommit_free_chunks: 1.
 - use_allocation_guard: 0.


Internal statistics:

num_allocs_failed_limit: 0.
num_arena_births: 160.
num_arena_deaths: 0.
num_vsnodes_births: 2.
num_vsnodes_deaths: 0.
num_space_committed: 212.
num_space_uncommitted: 0.
num_chunks_returned_to_freelist: 0.
num_chunks_taken_from_freelist: 536.
num_chunk_merges: 0.
num_chunk_splits: 392.
num_chunks_enlarged: 307.
num_inconsistent_stats: 0.

CodeHeap 'non-profiled nmethods': size=120000Kb used=601Kb max_used=601Kb free=119398Kb
 bounds [0x00000254c64a0000, 0x00000254c6710000, 0x00000254cd9d0000]
CodeHeap 'profiled nmethods': size=120000Kb used=2701Kb max_used=2701Kb free=117298Kb
 bounds [0x00000254bef70000, 0x00000254bf220000, 0x00000254c64a0000]
CodeHeap 'non-nmethods': size=5760Kb used=1209Kb max_used=1234Kb free=4550Kb
 bounds [0x00000254be9d0000, 0x00000254bec40000, 0x00000254bef70000]
 total_blobs=2051 nmethods=1547 adapters=417
 compilation: enabled
              stopped_count=0, restarted_count=0
 full_count=0

Compilation events (20 events):
Event: 0.989 Thread 0x00000254d51ba9c0 nmethod 1500 0x00000254bf202e10 code [0x00000254bf202fc0, 0x00000254bf2032d8]
Event: 0.995 Thread 0x00000254d51ba9c0 1501       1       java.lang.reflect.Method::getAnnotationBytes (5 bytes)
Event: 0.995 Thread 0x00000254d51ba9c0 nmethod 1501 0x00000254c652ee10 code [0x00000254c652efa0, 0x00000254c652f078]
Event: 1.002 Thread 0x00000254d5191870 nmethod 1497 0x00000254c652f110 code [0x00000254c652f2c0, 0x00000254c6530c38]
Event: 1.002 Thread 0x00000254d5191870 1502       4       sun.reflect.generics.parser.SignatureParser::current (59 bytes)
Event: 1.002 Thread 0x00000254d5191870 nmethod 1502 0x00000254c6531410 code [0x00000254c65315a0, 0x00000254c65316c8]
Event: 1.003 Thread 0x00000254d5191870 1503       4       jdk.internal.loader.URLClassPath::getResource (74 bytes)
Event: 1.008 Thread 0x00000254d51ba9c0 1504       3       java.security.AccessController::executePrivileged (65 bytes)
Event: 1.008 Thread 0x00000254d51ba9c0 nmethod 1504 0x00000254bf203410 code [0x00000254bf2035e0, 0x00000254bf2038d8]
Event: 1.009 Thread 0x00000254d51ba9c0 1505       3       java.lang.Boolean::valueOf (14 bytes)
Event: 1.010 Thread 0x00000254d51ba9c0 nmethod 1505 0x00000254bf203a10 code [0x00000254bf203ba0, 0x00000254bf203d18]
Event: 1.010 Thread 0x00000254d51ba9c0 1506       3       java.lang.Class::getMethod (59 bytes)
Event: 1.012 Thread 0x00000254d51ba9c0 nmethod 1506 0x00000254bf203d90 code [0x00000254bf204020, 0x00000254bf204b68]
Event: 1.012 Thread 0x00000254d51ba9c0 1507       1       com.fasterxml.jackson.core.JsonToken::id (5 bytes)
Event: 1.012 Thread 0x00000254d51ba9c0 nmethod 1507 0x00000254c6531890 code [0x00000254c6531a20, 0x00000254c6531af8]
Event: 1.013 Thread 0x00000254d51ba9c0 1508       3       java.util.AbstractCollection::addAll (42 bytes)
Event: 1.013 Thread 0x00000254d51ba9c0 nmethod 1508 0x00000254bf205010 code [0x00000254bf205200, 0x00000254bf205738]
Event: 1.013 Thread 0x00000254d51ba9c0 1509       3       java.lang.AbstractStringBuilder::append (54 bytes)
Event: 1.013 Thread 0x00000254d51ba9c0 nmethod 1509 0x00000254bf205890 code [0x00000254bf205ac0, 0x00000254bf206428]
Event: 1.013 Thread 0x00000254d51ba9c0 1510       3       java.lang.reflect.AnnotatedElement::isAnnotationPresent (16 bytes)

GC Heap History (2 events):
Event: 0.514 GC heap before
{Heap before GC invocations=0 (full 0):
 garbage-first heap   total 129024K, used 22528K [0x0000000082600000, 0x0000000100000000)
  region size 1024K, 23 young (23552K), 0 survivors (0K)
 Metaspace       used 5983K, committed 6208K, reserved 1114112K
  class space    used 672K, committed 768K, reserved 1048576K
}
Event: 0.519 GC heap after
{Heap after GC invocations=1 (full 0):
 garbage-first heap   total 129024K, used 3392K [0x0000000082600000, 0x0000000100000000)
  region size 1024K, 3 young (3072K), 3 survivors (3072K)
 Metaspace       used 5983K, committed 6208K, reserved 1114112K
  class space    used 672K, committed 768K, reserved 1048576K
}

Deoptimization events (20 events):
Event: 0.752 Thread 0x00000254da059140 Uncommon trap: trap_request=0xffffffc6 fr.pc=0x00000254c64fc0a8 relative=0x00000000000003e8
Event: 0.752 Thread 0x00000254da059140 Uncommon trap: reason=bimorphic_or_optimized_type_check action=maybe_recompile pc=0x00000254c64fc0a8 method=java.util.regex.Matcher.match(II)Z @ 121 c2
Event: 0.752 Thread 0x00000254da059140 DEOPT PACKING pc=0x00000254c64fc0a8 sp=0x000000d2dddfcf10
Event: 0.752 Thread 0x00000254da059140 DEOPT UNPACKING pc=0x00000254bea223a3 sp=0x000000d2dddfce88 mode 2
Event: 0.752 Thread 0x00000254da059140 Uncommon trap: trap_request=0xffffffc6 fr.pc=0x00000254c64fc0a8 relative=0x00000000000003e8
Event: 0.752 Thread 0x00000254da059140 Uncommon trap: reason=bimorphic_or_optimized_type_check action=maybe_recompile pc=0x00000254c64fc0a8 method=java.util.regex.Matcher.match(II)Z @ 121 c2
Event: 0.752 Thread 0x00000254da059140 DEOPT PACKING pc=0x00000254c64fc0a8 sp=0x000000d2dddfcf10
Event: 0.752 Thread 0x00000254da059140 DEOPT UNPACKING pc=0x00000254bea223a3 sp=0x000000d2dddfce88 mode 2
Event: 0.752 Thread 0x00000254da059140 Uncommon trap: trap_request=0xffffffc6 fr.pc=0x00000254c64fc0a8 relative=0x00000000000003e8
Event: 0.752 Thread 0x00000254da059140 Uncommon trap: reason=bimorphic_or_optimized_type_check action=maybe_recompile pc=0x00000254c64fc0a8 method=java.util.regex.Matcher.match(II)Z @ 121 c2
Event: 0.752 Thread 0x00000254da059140 DEOPT PACKING pc=0x00000254c64fc0a8 sp=0x000000d2dddfcf10
Event: 0.752 Thread 0x00000254da059140 DEOPT UNPACKING pc=0x00000254bea223a3 sp=0x000000d2dddfce88 mode 2
Event: 0.752 Thread 0x00000254da059140 Uncommon trap: trap_request=0xffffff45 fr.pc=0x00000254c64d57b0 relative=0x00000000000001f0
Event: 0.752 Thread 0x00000254da059140 Uncommon trap: reason=unstable_if action=reinterpret pc=0x00000254c64d57b0 method=java.io.WinNTFileSystem.normalize(Ljava/lang/String;)Ljava/lang/String; @ 128 c2
Event: 0.752 Thread 0x00000254da059140 DEOPT PACKING pc=0x00000254c64d57b0 sp=0x000000d2dddfce90
Event: 0.752 Thread 0x00000254da059140 DEOPT UNPACKING pc=0x00000254bea223a3 sp=0x000000d2dddfce18 mode 2
Event: 0.754 Thread 0x00000254da059140 Uncommon trap: trap_request=0xffffff45 fr.pc=0x00000254c6515ad0 relative=0x0000000000000310
Event: 0.754 Thread 0x00000254da059140 Uncommon trap: reason=unstable_if action=reinterpret pc=0x00000254c6515ad0 method=java.io.WinNTFileSystem.prefixLength(Ljava/lang/String;)I @ 42 c2
Event: 0.754 Thread 0x00000254da059140 DEOPT PACKING pc=0x00000254c6515ad0 sp=0x000000d2dddfcf70
Event: 0.754 Thread 0x00000254da059140 DEOPT UNPACKING pc=0x00000254bea223a3 sp=0x000000d2dddfcef8 mode 2

Classes loaded (20 events):
Event: 1.007 Loading class io/netty/util/BooleanSupplier
Event: 1.007 Loading class io/netty/util/BooleanSupplier done
Event: 1.007 Loading class org/apache/avro/io/EncoderFactory$DefaultEncoderFactory
Event: 1.007 Loading class org/apache/avro/io/EncoderFactory$DefaultEncoderFactory done
Event: 1.007 Loading class io/netty/channel/DefaultMaxMessagesRecvByteBufAllocator$MaxMessageHandle$1
Event: 1.007 Loading class io/netty/channel/DefaultMaxMessagesRecvByteBufAllocator$MaxMessageHandle$1 done
Event: 1.007 Loading class org/apache/avro/io/BufferedBinaryEncoder
Event: 1.007 Loading class org/apache/avro/io/BufferedBinaryEncoder done
Event: 1.007 Loading class io/netty/util/internal/SocketUtils$5
Event: 1.007 Loading class io/netty/util/internal/SocketUtils$5 done
Event: 1.008 Loading class org/apache/avro/io/DirectBinaryEncoder
Event: 1.008 Loading class org/apache/avro/io/DirectBinaryEncoder done
Event: 1.008 Loading class org/apache/avro/io/BlockingBinaryEncoder
Event: 1.008 Loading class org/apache/avro/io/BlockingBinaryEncoder done
Event: 1.008 Loading class io/netty/util/ReferenceCountUtil
Event: 1.008 Loading class io/netty/util/ReferenceCountUtil done
Event: 1.013 Loading class io/netty/bootstrap/ServerBootstrap$ServerBootstrapAcceptor$2
Event: 1.013 Loading class io/netty/bootstrap/ServerBootstrap$ServerBootstrapAcceptor$2 done
Event: 1.013 Loading class org/junit/runners/ParentRunner$4
Event: 1.013 Loading class org/junit/runners/ParentRunner$4 done

Classes unloaded (0 events):
No events

Classes redefined (1 events):
Event: 0.452 Thread 0x00000254d516f980 redefined class name=org.apache.avro.ipc.netty.NettyServer$NettyServerAvroHandler, count=1

Internal exceptions (20 events):
Event: 0.159 Thread 0x00000254b70aa780 Exception <a 'java/lang/NoSuchMethodError'{0x0000000089ee8388}: 'void java.lang.invoke.DirectMethodHandle$Holder.invokeStatic(java.lang.Object, java.lang.Object, java.lang.Object, java.lang.Object)'> (0x0000000089ee8388) 
thrown [t:\workspace\open\src\hotspot\share\interpreter\linkResolver.cpp, line 766]
Event: 0.161 Thread 0x00000254b70aa780 Exception <a 'java/lang/NoSuchMethodError'{0x0000000089ef7e58}: 'java.lang.Object java.lang.invoke.DirectMethodHandle$Holder.invokeStaticInit(java.lang.Object)'> (0x0000000089ef7e58) 
thrown [t:\workspace\open\src\hotspot\share\interpreter\linkResolver.cpp, line 766]
Event: 0.169 Thread 0x00000254b70aa780 Exception <a 'java/lang/NoSuchMethodError'{0x0000000089d36e60}: 'int java.lang.invoke.DirectMethodHandle$Holder.invokeSpecial(java.lang.Object, java.lang.Object, java.lang.Object)'> (0x0000000089d36e60) 
thrown [t:\workspace\open\src\hotspot\share\interpreter\linkResolver.cpp, line 766]
Event: 0.197 Thread 0x00000254b70aa780 Exception <a 'java/lang/NoSuchMethodError'{0x0000000089c1ab20}: 'long java.lang.invoke.DirectMethodHandle$Holder.invokeSpecial(java.lang.Object, java.lang.Object)'> (0x0000000089c1ab20) 
thrown [t:\workspace\open\src\hotspot\share\interpreter\linkResolver.cpp, line 766]
Event: 0.197 Thread 0x00000254b70aa780 Exception <a 'java/lang/NoSuchMethodError'{0x0000000089c1e1b8}: 'long java.lang.invoke.Invokers$Holder.invokeExact_MT(java.lang.Object, java.lang.Object)'> (0x0000000089c1e1b8) 
thrown [t:\workspace\open\src\hotspot\share\interpreter\linkResolver.cpp, line 766]
Event: 0.203 Thread 0x00000254b70aa780 Exception <a 'java/lang/NoSuchMethodError'{0x0000000089c5e7c0}: 'void java.lang.invoke.DirectMethodHandle$Holder.invokeSpecial(java.lang.Object, java.lang.Object, java.lang.Object)'> (0x0000000089c5e7c0) 
thrown [t:\workspace\open\src\hotspot\share\interpreter\linkResolver.cpp, line 766]
Event: 0.277 Thread 0x00000254b70aa780 Exception <a 'java/lang/NoSuchMethodError'{0x0000000089901e20}: 'java.lang.Object java.lang.invoke.DirectMethodHandle$Holder.invokeInterface(java.lang.Object, java.lang.Object)'> (0x0000000089901e20) 
thrown [t:\workspace\open\src\hotspot\share\interpreter\linkResolver.cpp, line 766]
Event: 0.279 Thread 0x00000254b70aa780 Exception <a 'java/lang/NoSuchMethodError'{0x0000000089919aa0}: 'void java.lang.invoke.DirectMethodHandle$Holder.invokeStaticInit(java.lang.Object, java.lang.Object)'> (0x0000000089919aa0) 
thrown [t:\workspace\open\src\hotspot\share\interpreter\linkResolver.cpp, line 766]
Event: 0.281 Thread 0x00000254b70aa780 Exception <a 'java/lang/NoSuchMethodError'{0x0000000089935ff8}: 'int java.lang.invoke.DirectMethodHandle$Holder.invokeSpecialIFC(java.lang.Object, java.lang.Object, java.lang.Object)'> (0x0000000089935ff8) 
thrown [t:\workspace\open\src\hotspot\share\interpreter\linkResolver.cpp, line 766]
Event: 0.287 Thread 0x00000254b70aa780 Exception <a 'java/lang/NoSuchMethodError'{0x000000008997dc08}: 'java.lang.Object java.lang.invoke.Invokers$Holder.invokeExact_MT(java.lang.Object, java.lang.Object, java.lang.Object, java.lang.Object, java.lang.Object, java.lang.Object)'> (0x000000008997dc08) 
thrown [t:\workspace\open\src\hotspot\share\interpreter\linkResolver.cpp, line 766]
Event: 0.288 Thread 0x00000254b70aa780 Exception <a 'java/lang/NoSuchMethodError'{0x000000008998bfc8}: 'void java.lang.invoke.DirectMethodHandle$Holder.invokeInterface(java.lang.Object, java.lang.Object, java.lang.Object)'> (0x000000008998bfc8) 
thrown [t:\workspace\open\src\hotspot\share\interpreter\linkResolver.cpp, line 766]
Event: 0.296 Thread 0x00000254b70aa780 Exception <a 'java/lang/NoSuchMethodError'{0x00000000899e3f20}: 'int java.lang.invoke.DirectMethodHandle$Holder.invokeInterface(java.lang.Object, java.lang.Object)'> (0x00000000899e3f20) 
thrown [t:\workspace\open\src\hotspot\share\interpreter\linkResolver.cpp, line 766]
Event: 0.296 Thread 0x00000254b70aa780 Exception <a 'java/lang/IncompatibleClassChangeError'{0x00000000899e7400}: Found class java.lang.Object, but interface was expected> (0x00000000899e7400) 
thrown [t:\workspace\open\src\hotspot\share\interpreter\linkResolver.cpp, line 833]
Event: 0.352 Thread 0x00000254b70aa780 Exception <a 'java/lang/IncompatibleClassChangeError'{0x0000000089658e18}: Found class java.lang.Object, but interface was expected> (0x0000000089658e18) 
thrown [t:\workspace\open\src\hotspot\share\interpreter\linkResolver.cpp, line 833]
Event: 0.368 Thread 0x00000254b70aa780 Exception <a 'java/lang/NoSuchMethodError'{0x00000000896f1088}: 'java.lang.Object java.lang.invoke.DirectMethodHandle$Holder.newInvokeSpecial(java.lang.Object, java.lang.Object, java.lang.Object, java.lang.Object, java.lang.Object)'> (0x00000000896f1088) 
thrown [t:\workspace\open\src\hotspot\share\interpreter\linkResolver.cpp, line 766]
Event: 0.377 Thread 0x00000254b70aa780 Exception <a 'java/lang/NoSuchMethodError'{0x000000008955dcd0}: 'int java.lang.invoke.DirectMethodHandle$Holder.invokeVirtual(java.lang.Object, java.lang.Object)'> (0x000000008955dcd0) 
thrown [t:\workspace\open\src\hotspot\share\interpreter\linkResolver.cpp, line 766]
Event: 0.656 Thread 0x00000254da059140 Implicit null exception at 0x00000254c64efa0f to 0x00000254c64efc6c
Event: 0.670 Thread 0x00000254da059140 Exception <a 'java/lang/NoSuchMethodError'{0x00000000897add30}: 'java.lang.Object java.lang.invoke.DirectMethodHandle$Holder.invokeInterface(java.lang.Object, java.lang.Object, java.lang.Object)'> (0x00000000897add30) 
thrown [t:\workspace\open\src\hotspot\share\interpreter\linkResolver.cpp, line 766]
Event: 0.771 Thread 0x00000254da059140 Exception <a 'java/lang/NoSuchMethodError'{0x00000000892e6548}: 'java.lang.Object java.lang.invoke.DirectMethodHandle$Holder.invokeStaticInit(java.lang.Object, int, int, int, int)'> (0x00000000892e6548) 
thrown [t:\workspace\open\src\hotspot\share\interpreter\linkResolver.cpp, line 766]
Event: 0.820 Thread 0x00000254da059140 Exception <a 'java/lang/NoSuchMethodError'{0x00000000891ccc20}: 'java.lang.Object java.lang.invoke.DirectMethodHandle$Holder.invokeStaticInit(java.lang.Object, java.lang.Object, int, int, int, int)'> (0x00000000891ccc20) 
thrown [t:\workspace\open\src\hotspot\share\interpreter\linkResolver.cpp, line 766]

VM Operations (20 events):
Event: 0.303 Executing VM operation: HandshakeAllThreads
Event: 0.303 Executing VM operation: HandshakeAllThreads done
Event: 0.451 Executing VM operation: RedefineClasses
Event: 0.455 Executing VM operation: RedefineClasses done
Event: 0.514 Executing VM operation: G1CollectForAllocation
Event: 0.519 Executing VM operation: G1CollectForAllocation done
Event: 0.624 Executing VM operation: HandshakeAllThreads
Event: 0.624 Executing VM operation: HandshakeAllThreads done
Event: 0.636 Executing VM operation: HandshakeAllThreads
Event: 0.636 Executing VM operation: HandshakeAllThreads done
Event: 0.644 Executing VM operation: HandshakeAllThreads
Event: 0.644 Executing VM operation: HandshakeAllThreads done
Event: 0.658 Executing VM operation: HandshakeAllThreads
Event: 0.658 Executing VM operation: HandshakeAllThreads done
Event: 0.664 Executing VM operation: HandshakeAllThreads
Event: 0.664 Executing VM operation: HandshakeAllThreads done
Event: 0.851 Executing VM operation: HandshakeAllThreads
Event: 0.851 Executing VM operation: HandshakeAllThreads done
Event: 0.951 Executing VM operation: HandshakeAllThreads
Event: 0.951 Executing VM operation: HandshakeAllThreads done

Events (20 events):
Event: 0.019 Thread 0x00000254d5190ba0 Thread added: 0x00000254d5190ba0
Event: 0.019 Thread 0x00000254d5191870 Thread added: 0x00000254d5191870
Event: 0.019 Thread 0x00000254d51ba9c0 Thread added: 0x00000254d51ba9c0
Event: 0.019 Thread 0x00000254d51bd4f0 Thread added: 0x00000254d51bd4f0
Event: 0.045 Thread 0x00000254d948ed50 Thread added: 0x00000254d948ed50
Event: 0.060 Loaded shared library C:\Program Files\Java\jdk-18\bin\instrument.dll
Event: 0.065 Thread 0x00000254d95312a0 Thread added: 0x00000254d95312a0
Event: 0.070 Loaded shared library C:\Program Files\Java\jdk-18\bin\net.dll
Event: 0.071 Loaded shared library C:\Program Files\Java\jdk-18\bin\nio.dll
Event: 0.073 Loaded shared library C:\Program Files\Java\jdk-18\bin\zip.dll
Event: 0.097 Loaded shared library C:\Program Files\Java\jdk-18\bin\jimage.dll
Event: 0.136 Loaded shared library C:\Program Files\Java\jdk-18\bin\verify.dll
Event: 0.162 Loaded shared library C:\Program Files\Java\jdk-18\bin\management.dll
Event: 0.165 Loaded shared library C:\Program Files\Java\jdk-18\bin\management_ext.dll
Event: 0.458 Thread 0x00000254da059140 Thread added: 0x00000254da059140
Event: 0.692 Thread 0x00000254da291220 Thread added: 0x00000254da291220
Event: 0.948 Thread 0x00000254da291220 Thread exited: 0x00000254da291220
Event: 0.964 Thread 0x00000254da36d7e0 Thread added: 0x00000254da36d7e0
Event: 0.989 Thread 0x00000254da471070 Thread added: 0x00000254da471070
Event: 1.013 Thread 0x00000254da288c20 Thread added: 0x00000254da288c20


Dynamic libraries:
0x00007ff7957d0000 - 0x00007ff7957e0000 	C:\Program Files\Java\jdk-18\bin\java.exe
0x00007ff9e3650000 - 0x00007ff9e3847000 	C:\WINDOWS\SYSTEM32\ntdll.dll
0x00007ff9e2510000 - 0x00007ff9e25cd000 	C:\WINDOWS\System32\KERNEL32.DLL
0x00007ff9e0eb0000 - 0x00007ff9e117d000 	C:\WINDOWS\System32\KERNELBASE.dll
0x00007ff9e1240000 - 0x00007ff9e1340000 	C:\WINDOWS\System32\ucrtbase.dll
0x00007ff9b1fb0000 - 0x00007ff9b1fc8000 	C:\Program Files\Java\jdk-18\bin\jli.dll
0x00007ff9af420000 - 0x00007ff9af43a000 	C:\Program Files\Java\jdk-18\bin\VCRUNTIME140.dll
0x00007ff9e3560000 - 0x00007ff9e360e000 	C:\WINDOWS\System32\ADVAPI32.dll
0x00007ff9e2340000 - 0x00007ff9e23de000 	C:\WINDOWS\System32\msvcrt.dll
0x00007ff9e22a0000 - 0x00007ff9e233c000 	C:\WINDOWS\System32\sechost.dll
0x00007ff9e3420000 - 0x00007ff9e3545000 	C:\WINDOWS\System32\RPCRT4.dll
0x00007ff9e3280000 - 0x00007ff9e3420000 	C:\WINDOWS\System32\USER32.dll
0x00007ff9e0d70000 - 0x00007ff9e0d92000 	C:\WINDOWS\System32\win32u.dll
0x00007ff9d01e0000 - 0x00007ff9d047a000 	C:\WINDOWS\WinSxS\amd64_microsoft.windows.common-controls_6595b64144ccf1df_6.0.19041.1110_none_60b5254171f9507e\COMCTL32.dll
0x00007ff9e2470000 - 0x00007ff9e249a000 	C:\WINDOWS\System32\GDI32.dll
0x00007ff9e15a0000 - 0x00007ff9e16ab000 	C:\WINDOWS\System32\gdi32full.dll
0x00007ff9e0e10000 - 0x00007ff9e0ead000 	C:\WINDOWS\System32\msvcp_win.dll
0x00007ff9d9270000 - 0x00007ff9d927a000 	C:\WINDOWS\SYSTEM32\VERSION.dll
0x00007ff9e2440000 - 0x00007ff9e2470000 	C:\WINDOWS\System32\IMM32.DLL
0x00007ff9bcec0000 - 0x00007ff9bcecc000 	C:\Program Files\Java\jdk-18\bin\vcruntime140_1.dll
0x00007ff9806a0000 - 0x00007ff98072d000 	C:\Program Files\Java\jdk-18\bin\msvcp140.dll
0x00007ff9685e0000 - 0x00007ff9691f1000 	C:\Program Files\Java\jdk-18\bin\server\jvm.dll
0x00007ff9e3550000 - 0x00007ff9e3558000 	C:\WINDOWS\System32\PSAPI.DLL
0x00007ff9ce920000 - 0x00007ff9ce929000 	C:\WINDOWS\SYSTEM32\WSOCK32.dll
0x00007ff9d0630000 - 0x00007ff9d0657000 	C:\WINDOWS\SYSTEM32\WINMM.dll
0x00007ff9e24a0000 - 0x00007ff9e250b000 	C:\WINDOWS\System32\WS2_32.dll
0x00007ff9dec30000 - 0x00007ff9dec42000 	C:\WINDOWS\SYSTEM32\kernel.appcore.dll
0x00007ff9bcab0000 - 0x00007ff9bcaba000 	C:\Program Files\Java\jdk-18\bin\jimage.dll
0x00007ff9cf290000 - 0x00007ff9cf474000 	C:\WINDOWS\SYSTEM32\DBGHELP.DLL
0x00007ff9ccea0000 - 0x00007ff9ccecc000 	C:\WINDOWS\SYSTEM32\dbgcore.DLL
0x00007ff9e11b0000 - 0x00007ff9e1232000 	C:\WINDOWS\System32\bcryptPrimitives.dll
0x00007ff9de550000 - 0x00007ff9de55e000 	C:\Program Files\Java\jdk-18\bin\instrument.dll
0x00007ff9a8ea0000 - 0x00007ff9a8ec5000 	C:\Program Files\Java\jdk-18\bin\java.dll
0x00007ff9ab9d0000 - 0x00007ff9ab9e8000 	C:\Program Files\Java\jdk-18\bin\zip.dll
0x00007ff9805c0000 - 0x00007ff980696000 	C:\Program Files\Java\jdk-18\bin\jsvml.dll
0x00007ff9e1910000 - 0x00007ff9e2054000 	C:\WINDOWS\System32\SHELL32.dll
0x00007ff9dee30000 - 0x00007ff9df5c4000 	C:\WINDOWS\SYSTEM32\windows.storage.dll
0x00007ff9e2a10000 - 0x00007ff9e2d64000 	C:\WINDOWS\System32\combase.dll
0x00007ff9e07d0000 - 0x00007ff9e07fc000 	C:\WINDOWS\SYSTEM32\Wldp.dll
0x00007ff9e2700000 - 0x00007ff9e27ad000 	C:\WINDOWS\System32\SHCORE.dll
0x00007ff9e28e0000 - 0x00007ff9e2935000 	C:\WINDOWS\System32\shlwapi.dll
0x00007ff9e0cb0000 - 0x00007ff9e0ccf000 	C:\WINDOWS\SYSTEM32\profapi.dll
0x00007ff9ad560000 - 0x00007ff9ad573000 	C:\Program Files\Java\jdk-18\bin\net.dll
0x00007ff9d96c0000 - 0x00007ff9d97ca000 	C:\WINDOWS\SYSTEM32\WINHTTP.dll
0x00007ff9e04e0000 - 0x00007ff9e054a000 	C:\WINDOWS\system32\mswsock.dll
0x00007ff9abbe0000 - 0x00007ff9abbf6000 	C:\Program Files\Java\jdk-18\bin\nio.dll
0x00007ff9bc4c0000 - 0x00007ff9bc4d0000 	C:\Program Files\Java\jdk-18\bin\verify.dll
0x00007ff9e01f0000 - 0x00007ff9e02bb000 	C:\WINDOWS\SYSTEM32\DNSAPI.dll
0x00007ff9e01a0000 - 0x00007ff9e01db000 	C:\WINDOWS\SYSTEM32\IPHLPAPI.DLL
0x00007ff9e2a00000 - 0x00007ff9e2a08000 	C:\WINDOWS\System32\NSI.dll
0x00007ff9d13d0000 - 0x00007ff9d13da000 	C:\Windows\System32\rasadhlp.dll
0x00007ff9d1560000 - 0x00007ff9d15e0000 	C:\WINDOWS\System32\fwpuclnt.dll
0x00007ff9e1180000 - 0x00007ff9e11a7000 	C:\WINDOWS\System32\bcrypt.dll
0x00007ff9de540000 - 0x00007ff9de549000 	C:\Program Files\Java\jdk-18\bin\management.dll
0x00007ff9dc7b0000 - 0x00007ff9dc7bb000 	C:\Program Files\Java\jdk-18\bin\management_ext.dll
0x00007ff9d92b0000 - 0x00007ff9d92c7000 	C:\WINDOWS\SYSTEM32\dhcpcsvc6.DLL
0x00007ff9d9280000 - 0x00007ff9d929d000 	C:\WINDOWS\SYSTEM32\dhcpcsvc.DLL
0x00007ff9e06c0000 - 0x00007ff9e06d8000 	C:\WINDOWS\SYSTEM32\CRYPTSP.dll
0x00007ff9dfe00000 - 0x00007ff9dfe34000 	C:\WINDOWS\system32\rsaenh.dll
0x00007ff9e0c70000 - 0x00007ff9e0c9e000 	C:\WINDOWS\SYSTEM32\USERENV.dll
0x00007ff9e06e0000 - 0x00007ff9e06ec000 	C:\WINDOWS\SYSTEM32\CRYPTBASE.dll
0x00007ff9c11a0000 - 0x00007ff9c11b7000 	C:\WINDOWS\system32\napinsp.dll
0x00007ff9c1180000 - 0x00007ff9c119b000 	C:\WINDOWS\system32\pnrpnsp.dll
0x00007ff9dbb60000 - 0x00007ff9dbb75000 	C:\WINDOWS\system32\wshbth.dll
0x00007ff9dc740000 - 0x00007ff9dc75d000 	C:\WINDOWS\system32\NLAapi.dll
0x00007ff9c1160000 - 0x00007ff9c1172000 	C:\WINDOWS\System32\winrnr.dll

dbghelp: loaded successfully - version: 4.0.5 - missing functions: none
symbol engine: initialized successfully - sym options: 0x614 - pdb path: .;C:\Program Files\Java\jdk-18\bin;C:\WINDOWS\SYSTEM32;C:\WINDOWS\WinSxS\amd64_microsoft.windows.common-controls_6595b64144ccf1df_6.0.19041.1110_none_60b5254171f9507e;C:\Program Files\Java\jdk-18\bin\server

VM Arguments:
jvm_args: -Djava.awt.headless=true -javaagent:C:\Users\lucaf\AppData\Local\Temp\165641134090901779556682671530313593985747972851171.jar -Dclassworlds.conf=C:\apache-maven-3.8.5\bin\m2.conf -Dmaven.home=C:\apache-maven-3.8.5 -Dlibrary.jansi.path=C:\apache-maven-3.8.5\lib\jansi-native -Dmaven.multiModuleProjectDirectory=C:\Users\lucaf\OneDrive\Documenti\GitHub\avro 
java_command: org.pitest.mutationtest.execute.MutationTestMinion 59115
java_class_path (initial): C:\Users\lucaf\OneDrive\Documenti\GitHub\avro\lang\java\ipc-netty\target\test-classes;C:\Users\lucaf\OneDrive\Documenti\GitHub\avro\lang\java\ipc-netty\target\classes;C:\Users\lucaf\OneDrive\Documenti\GitHub\avro\lang\java\avro\target\classes;C:\Users\lucaf\.m2\repository\com\fasterxml\jackson\core\jackson-core\2.12.7\jackson-core-2.12.7.jar;C:\Users\lucaf\.m2\repository\com\fasterxml\jackson\core\jackson-databind\2.12.7\jackson-databind-2.12.7.jar;C:\Users\lucaf\.m2\repository\com\fasterxml\jackson\core\jackson-annotations\2.12.7\jackson-annotations-2.12.7.jar;C:\Users\lucaf\.m2\repository\org\apache\commons\commons-compress\1.21\commons-compress-1.21.jar;C:\Users\lucaf\OneDrive\Documenti\GitHub\avro\lang\java\ipc\target\classes;C:\Users\lucaf\.m2\repository\org\apache\velocity\velocity-engine-core\2.3\velocity-engine-core-2.3.jar;C:\Users\lucaf\.m2\repository\org\apache\commons\commons-lang3\3.11\commons-lang3-3.11.jar;C:\Users\lucaf\.m2\repository\javax\annotation\javax.annotation-api\1.3.2\javax.annotation-api-1.3.2.jar;C:\Users\lucaf\.m2\repository\org\xerial\snappy\snappy-java\1.1.8.4\snappy-java-1.1.8.4.jar;C:\Users\lucaf\.m2\repository\org\tukaani\xz\1.9\xz-1.9.jar;C:\Users\lucaf\.m2\repository\com\github\luben\zstd-jni\1.5.2-3\zstd-jni-1.5.2-3.jar;C:\Users\lucaf\OneDrive\Documenti\GitHub\avro\lang\java\avro\target\test-classes;C:\Users\lucaf\OneDrive\Documenti\GitHub\avro\lang\java\ipc\target\test-classes;C:\Users\lucaf\OneDrive\Documenti\GitHub\avro\lang\java\compiler\target\classes;C:\Users\lucaf\.m2\repository\org\apache\commons\commons-text\1.9\commons-text-1.9.jar;C:\Users\lucaf\.m2\repository\io\netty\netty-buffer\4.1.78.Final\netty-buffer-4.1.78.Final.jar;C:\Users\lucaf\.m2\repository\io\netty\netty-common\4.1.78.Final\netty-common-4.1.78.Final.jar;C:\Users\lucaf\.m2\repository\io\netty\netty-handler\4.1.78.Final\netty-handler-4.1.78.Final.jar;C:\Users\lucaf\.m2\repository\io\netty\netty-resolver\4.1.78.Final\netty-resolver-4.1.78.Final.jar;C:\Users\lucaf\.m2\repository\io\netty\netty-transport\4.1.78.Final\netty-transport-4.1.78.Final.jar;C:\Users\lucaf\.m2\repository\io\netty\netty-transport-native-unix-common\4.1.78.Final\netty-transport-native-unix-common-4.1.78.Final.jar;C:\Users\lucaf\.m2\repository\io\netty\netty-codec\4.1.78.Final\netty-codec-4.1.78.Final.jar;C:\Users\lucaf\.m2\repository\junit\junit\4.13.2\junit-4.13.2.jar;C:\Users\lucaf\.m2\repository\org\hamcrest\hamcrest-core\1.3\hamcrest-core-1.3.jar;C:\Users\lucaf\.m2\repository\org\slf4j\slf4j-api\1.7.36\slf4j-api-1.7.36.jar;C:\Users\lucaf\.m2\repository\org\slf4j\slf4j-simple\1.7.36\slf4j-simple-1.7.36.jar;C:\Users\lucaf\.m2\repository\org\pitest\pitest\1.8.0\pitest-1.8.0.jar
Launcher Type: SUN_STANDARD

[Global flags]
     intx CICompilerCount                          = 4                                         {product} {ergonomic}
     uint ConcGCThreads                            = 2                                         {product} {ergonomic}
     uint G1ConcRefinementThreads                  = 8                                         {product} {ergonomic}
   size_t G1HeapRegionSize                         = 1048576                                   {product} {ergonomic}
    uintx GCDrainStackTargetSize                   = 64                                        {product} {ergonomic}
   size_t InitialHeapSize                          = 132120576                                 {product} {ergonomic}
   size_t MarkStackSize                            = 4194304                                   {product} {ergonomic}
   size_t MaxHeapSize                              = 2107637760                                {product} {ergonomic}
   size_t MaxNewSize                               = 1264582656                                {product} {ergonomic}
   size_t MinHeapDeltaBytes                        = 1048576                                   {product} {ergonomic}
   size_t MinHeapSize                              = 8388608                                   {product} {ergonomic}
    uintx NonNMethodCodeHeapSize                   = 5839372                                {pd product} {ergonomic}
    uintx NonProfiledCodeHeapSize                  = 122909434                              {pd product} {ergonomic}
    uintx ProfiledCodeHeapSize                     = 122909434                              {pd product} {ergonomic}
    uintx ReservedCodeCacheSize                    = 251658240                              {pd product} {ergonomic}
     bool SegmentedCodeCache                       = true                                      {product} {ergonomic}
   size_t SoftMaxHeapSize                          = 2107637760                             {manageable} {ergonomic}
     bool UseCompressedClassPointers               = true                           {product lp64_product} {ergonomic}
     bool UseCompressedOops                        = true                           {product lp64_product} {ergonomic}
     bool UseG1GC                                  = true                                      {product} {ergonomic}
     bool UseLargePagesIndividualAllocation        = false                                  {pd product} {ergonomic}

Logging:
Log output configuration:
 #0: stdout all=warning uptime,level,tags foldmultilines=false
 #1: stderr all=off uptime,level,tags foldmultilines=false

Environment Variables:
JAVA_HOME=C:\Program Files\Java\jdk-18
CLASSPATH=C:\Users\lucaf\OneDrive\Documenti\GitHub\avro\lang\java\ipc-netty\target\test-classes;C:\Users\lucaf\OneDrive\Documenti\GitHub\avro\lang\java\ipc-netty\target\classes;C:\Users\lucaf\OneDrive\Documenti\GitHub\avro\lang\java\avro\target\classes;C:\Users\lucaf\.m2\repository\com\fasterxml\jackson\core\jackson-core\2.12.7\jackson-core-2.12.7.jar;C:\Users\lucaf\.m2\repository\com\fasterxml\jackson\core\jackson-databind\2.12.7\jackson-databind-2.12.7.jar;C:\Users\lucaf\.m2\repository\com\fasterxml\jackson\core\jackson-annotations\2.12.7\jackson-annotations-2.12.7.jar;C:\Users\lucaf\.m2\repository\org\apache\commons\commons-compress\1.21\commons-compress-1.21.jar;C:\Users\lucaf\OneDrive\Documenti\GitHub\avro\lang\java\ipc\target\classes;C:\Users\lucaf\.m2\repository\org\apache\velocity\velocity-engine-core\2.3\velocity-engine-core-2.3.jar;C:\Users\lucaf\.m2\repository\org\apache\commons\commons-lang3\3.11\commons-lang3-3.11.jar;C:\Users\lucaf\.m2\repository\javax\annotation\javax.annotation-api\1.3.2\javax.annotation-api-1.3.2.jar;C:\Users\lucaf\.m2\repository\org\xerial\snappy\snappy-java\1.1.8.4\snappy-java-1.1.8.4.jar;C:\Users\lucaf\.m2\repository\org\tukaani\xz\1.9\xz-1.9.jar;C:\Users\lucaf\.m2\repository\com\github\luben\zstd-jni\1.5.2-3\zstd-jni-1.5.2-3.jar;C:\Users\lucaf\OneDrive\Documenti\GitHub\avro\lang\java\avro\target\test-classes;C:\Users\lucaf\OneDrive\Documenti\GitHub\avro\lang\java\ipc\target\test-classes;C:\Users\lucaf\OneDrive\Documenti\GitHub\avro\lang\java\compiler\target\classes;C:\Users\lucaf\.m2\repository\org\apache\commons\commons-text\1.9\commons-text-1.9.jar;C:\Users\lucaf\.m2\repository\io\netty\netty-buffer\4.1.78.Final\netty-buffer-4.1.78.Final.jar;C:\Users\lucaf\.m2\repository\io\netty\netty-common\4.1.78.Final\netty-common-4.1.78.Final.jar;C:\Users\lucaf\.m2\repository\io\netty\netty-handler\4.1.78.Final\netty-handler-4.1.78.Final.jar;C:\Users\lucaf\.m2\repository\io\netty\netty-resolver\4.1.78.Final\netty-resolver-4.1.78.Final.jar;C:\Users\lucaf\.m2\repository\io\netty\netty-transport\4.1.78.Final\netty-transport-4.1.78.Final.jar;C:\Users\lucaf\.m2\repository\io\netty\netty-transport-native-unix-common\4.1.78.Final\netty-transport-native-unix-common-4.1.78.Final.jar;C:\Users\lucaf\.m2\repository\io\netty\netty-codec\4.1.78.Final\netty-codec-4.1.78.Final.jar;C:\Users\lucaf\.m2\repository\junit\junit\4.13.2\junit-4.13.2.jar;C:\Users\lucaf\.m2\repository\org\hamcrest\hamcrest-core\1.3\hamcrest-core-1.3.jar;C:\Users\lucaf\.m2\repository\org\slf4j\slf4j-api\1.7.36\slf4j-api-1.7.36.jar;C:\Users\lucaf\.m2\repository\org\slf4j\slf4j-simple\1.7.36\slf4j-simple-1.7.36.jar;C:\Users\lucaf\.m2\repository\org\pitest\pitest\1.8.0\pitest-1.8.0.jar
PATH=C:\gurobi951\win64\bin;C:\Program Files (x86)\Common Files\Oracle\Java\javapath;C:\Windows\system32;C:\Windows;C:\Windows\System32\Wbem;C:\Windows\System32\WindowsPowerShell\v1.0\;C:\Windows\System32\OpenSSH\;C:\Program Files (x86)\NVIDIA Corporation\PhysX\Common;C:\Program Files\NVIDIA Corporation\NVIDIA NvDLISR;C:\Program Files\MATLAB\R2019b\bin;C:\WINDOWS\system32;C:\WINDOWS;C:\WINDOWS\System32\Wbem;C:\WINDOWS\System32\WindowsPowerShell\v1.0\;C:\WINDOWS\System32\OpenSSH\;C:\Program Files\MySQL\MySQL Shell 8.0\bin\;C:\Users\lucaf\AppData\Local\Microsoft\WindowsApps;C:\cygwin64\bin;C:\adb;C:\Program Files\Git\cmd;C:\WINDOWS\system32;C:\WINDOWS;C:\WINDOWS\System32\Wbem;C:\WINDOWS\System32\WindowsPowerShell\v1.0\;C:\WINDOWS\System32\OpenSSH\;C:\Users\lucaf\AppData\Local\Programs\Python\Python38;C:\Users\lucaf\AppData\Local\Programs\Python\Python38\Scripts;C:\Program Files\Go\bin;C:\Program Files\Go\ProtocolBuffer\bin;C:\Users\lucaf\Desktop\Luca\Magistrale\SDCC\bin;C:\Program Files\Docker\Docker\resources\bin;C:\ProgramData\DockerDesktop\version-bin;C:\Program Files\Terraform;C:\Program Files\Amazon\AWSCLIV2\;C:\Program Files\MySQL\MySQL Shell 8.0\bin\;"C:\Users\lucaf\AppData\Local\Microsoft\WindowsApps;C:\cygwin64\bin";C:\Users\lucaf\AppData\Local\Microsoft\WindowsApps;C:\Users\lucaf\AppData\Local\GitHubDesktop\bin;C:\Users\lucaf\go\bin;C:\Users\lucaf\AppData\Local\Programs\Microsoft VS Code\bin;C:\Program Files\Terraform;C:\apache-maven-3.8.5\bin;;C:\Program Files\JetBrains\IntelliJ IDEA Community Edition 2022.1\bin;
USERNAME=lucaf
OS=Windows_NT
PROCESSOR_IDENTIFIER=Intel64 Family 6 Model 142 Stepping 12, GenuineIntel



---------------  S Y S T E M  ---------------

OS:
 Windows 10 , 64 bit Build 19041 (10.0.19041.1741)
OS uptime: 2 days 1:10 hours
Hyper-V role detected

CPU: total 8 (initial active 8) (4 cores per cpu, 2 threads per core) family 6 model 142 stepping 12 microcode 0xb8, cx8, cmov, fxsr, ht, mmx, 3dnowpref, sse, sse2, sse3, ssse3, sse4.1, sse4.2, popcnt, lzcnt, tsc, tscinvbit, avx, avx2, aes, erms, clmul, bmi1, bmi2, adx, fma, vzeroupper, clflush, clflushopt, hv

Memory: 4k page, system-wide physical 8039M (1384M free)
TotalPageFile size 15265M (AvailPageFile size 3219M)
current process WorkingSet (physical memory assigned to process): 98M, peak: 98M
current process commit charge ("private bytes"): 235M, peak: 235M

vm_info: Java HotSpot(TM) 64-Bit Server VM (18+36-2087) for windows-amd64 JRE (18+36-2087), built on Feb 15 2022 09:43:11 by "mach5one" with MS VC++ 16.8 / 16.9 (VS2019)

END.
